{"C:\\Telerik\\smdashboard\\src\\components\\Register\\Register.jsx": {"path":"C:\\Telerik\\smdashboard\\src\\components\\Register\\Register.jsx","statementMap":{"0":{"start":{"line":8,"column":15},"end":{"line":125,"column":1}},"1":{"start":{"line":9,"column":19},"end":{"line":9,"column":32}},"2":{"start":{"line":10,"column":42},"end":{"line":10,"column":54}},"3":{"start":{"line":11,"column":19},"end":{"line":11,"column":32}},"4":{"start":{"line":13,"column":48},"end":{"line":13,"column":60}},"5":{"start":{"line":14,"column":27},"end":{"line":43,"column":3}},"6":{"start":{"line":15,"column":4},"end":{"line":15,"column":23}},"7":{"start":{"line":16,"column":21},"end":{"line":16,"column":53}},"8":{"start":{"line":17,"column":21},"end":{"line":17,"column":53}},"9":{"start":{"line":18,"column":27},"end":{"line":18,"column":65}},"10":{"start":{"line":19,"column":18},"end":{"line":19,"column":47}},"11":{"start":{"line":20,"column":21},"end":{"line":20,"column":53}},"12":{"start":{"line":23,"column":4},"end":{"line":27,"column":5}},"13":{"start":{"line":25,"column":6},"end":{"line":25,"column":48}},"14":{"start":{"line":26,"column":6},"end":{"line":26,"column":13}},"15":{"start":{"line":29,"column":4},"end":{"line":29,"column":24}},"16":{"start":{"line":32,"column":4},"end":{"line":42,"column":9}},"17":{"start":{"line":34,"column":8},"end":{"line":34,"column":71}},"18":{"start":{"line":35,"column":8},"end":{"line":38,"column":17}},"19":{"start":{"line":36,"column":10},"end":{"line":36,"column":24}},"20":{"start":{"line":37,"column":10},"end":{"line":37,"column":24}},"21":{"start":{"line":41,"column":8},"end":{"line":41,"column":68}},"22":{"start":{"line":45,"column":2},"end":{"line":124,"column":4}}},"fnMap":{"0":{"name":"(anonymous_0)","decl":{"start":{"line":8,"column":15},"end":{"line":8,"column":16}},"loc":{"start":{"line":8,"column":42},"end":{"line":125,"column":1}},"line":8},"1":{"name":"(anonymous_1)","decl":{"start":{"line":14,"column":27},"end":{"line":14,"column":28}},"loc":{"start":{"line":14,"column":34},"end":{"line":43,"column":3}},"line":14},"2":{"name":"(anonymous_2)","decl":{"start":{"line":33,"column":12},"end":{"line":33,"column":13}},"loc":{"start":{"line":33,"column":18},"end":{"line":39,"column":7}},"line":33},"3":{"name":"(anonymous_3)","decl":{"start":{"line":35,"column":19},"end":{"line":35,"column":20}},"loc":{"start":{"line":35,"column":25},"end":{"line":38,"column":9}},"line":35},"4":{"name":"(anonymous_4)","decl":{"start":{"line":40,"column":13},"end":{"line":40,"column":14}},"loc":{"start":{"line":40,"column":24},"end":{"line":42,"column":7}},"line":40}},"branchMap":{"0":{"loc":{"start":{"line":23,"column":4},"end":{"line":27,"column":5}},"type":"if","locations":[{"start":{"line":23,"column":4},"end":{"line":27,"column":5}},{"start":{},"end":{}}],"line":23},"1":{"loc":{"start":{"line":53,"column":13},"end":{"line":53,"column":79}},"type":"binary-expr","locations":[{"start":{"line":53,"column":13},"end":{"line":53,"column":25}},{"start":{"line":53,"column":29},"end":{"line":53,"column":79}}],"line":53},"2":{"loc":{"start":{"line":54,"column":13},"end":{"line":56,"column":13}},"type":"binary-expr","locations":[{"start":{"line":54,"column":13},"end":{"line":54,"column":28}},{"start":{"line":55,"column":14},"end":{"line":55,"column":71}}],"line":54}},"s":{"0":1,"1":6,"2":6,"3":6,"4":6,"5":6,"6":2,"7":2,"8":2,"9":2,"10":2,"11":2,"12":2,"13":1,"14":1,"15":1,"16":1,"17":1,"18":1,"19":0,"20":0,"21":0,"22":6},"f":{"0":6,"1":2,"2":1,"3":0,"4":0},"b":{"0":[1,1],"1":[6,1],"2":[6,2]},"_coverageSchema":"1a1c01bbd47fc00a2c39e90264f33305004495a9","hash":"498d513823170571c8269a8523a779327a43f481"}
,"C:\\Telerik\\smdashboard\\src\\components\\Sidebar\\Sidebar.jsx": {"path":"C:\\Telerik\\smdashboard\\src\\components\\Sidebar\\Sidebar.jsx","statementMap":{"0":{"start":{"line":7,"column":25},"end":{"line":7,"column":60}},"1":{"start":{"line":7,"column":48},"end":{"line":7,"column":59}},"2":{"start":{"line":8,"column":2},"end":{"line":26,"column":4}}},"fnMap":{"0":{"name":"Sidebar","decl":{"start":{"line":6,"column":24},"end":{"line":6,"column":31}},"loc":{"start":{"line":6,"column":34},"end":{"line":27,"column":1}},"line":6},"1":{"name":"(anonymous_1)","decl":{"start":{"line":7,"column":37},"end":{"line":7,"column":38}},"loc":{"start":{"line":7,"column":48},"end":{"line":7,"column":59}},"line":7}},"branchMap":{"0":{"loc":{"start":{"line":11,"column":8},"end":{"line":11,"column":68}},"type":"cond-expr","locations":[{"start":{"line":11,"column":21},"end":{"line":11,"column":42}},{"start":{"line":11,"column":45},"end":{"line":11,"column":68}}],"line":11}},"s":{"0":1,"1":2,"2":1},"f":{"0":1,"1":2},"b":{"0":[0,1]},"_coverageSchema":"1a1c01bbd47fc00a2c39e90264f33305004495a9","hash":"d6be9e31b572e66ae3072f09df70b5b5b9c49db7"}
,"C:\\Telerik\\smdashboard\\src\\redux\\store.js": {"path":"C:\\Telerik\\smdashboard\\src\\redux\\store.js","statementMap":{"0":{"start":{"line":7,"column":21},"end":{"line":14,"column":2}}},"fnMap":{},"branchMap":{},"s":{"0":2},"f":{},"b":{},"_coverageSchema":"1a1c01bbd47fc00a2c39e90264f33305004495a9","hash":"4006386ef96253ab5998efd4697167940fc3fd68"}
,"C:\\Telerik\\smdashboard\\src\\redux\\slices\\AuthSlice.js": {"path":"C:\\Telerik\\smdashboard\\src\\redux\\slices\\AuthSlice.js","statementMap":{"0":{"start":{"line":4,"column":21},"end":{"line":8,"column":1}},"1":{"start":{"line":9,"column":21},"end":{"line":32,"column":1}},"2":{"start":{"line":12,"column":4},"end":{"line":30,"column":5}},"3":{"start":{"line":13,"column":23},"end":{"line":20,"column":7}},"4":{"start":{"line":22,"column":6},"end":{"line":25,"column":7}},"5":{"start":{"line":23,"column":26},"end":{"line":23,"column":47}},"6":{"start":{"line":24,"column":8},"end":{"line":24,"column":51}},"7":{"start":{"line":26,"column":22},"end":{"line":26,"column":43}},"8":{"start":{"line":27,"column":6},"end":{"line":27,"column":26}},"9":{"start":{"line":29,"column":6},"end":{"line":29,"column":53}},"10":{"start":{"line":33,"column":24},"end":{"line":56,"column":1}},"11":{"start":{"line":36,"column":4},"end":{"line":54,"column":5}},"12":{"start":{"line":37,"column":23},"end":{"line":44,"column":7}},"13":{"start":{"line":45,"column":6},"end":{"line":48,"column":7}},"14":{"start":{"line":46,"column":26},"end":{"line":46,"column":47}},"15":{"start":{"line":47,"column":8},"end":{"line":47,"column":51}},"16":{"start":{"line":49,"column":23},"end":{"line":49,"column":44}},"17":{"start":{"line":50,"column":6},"end":{"line":50,"column":55}},"18":{"start":{"line":51,"column":6},"end":{"line":51,"column":22}},"19":{"start":{"line":53,"column":6},"end":{"line":53,"column":53}},"20":{"start":{"line":58,"column":18},"end":{"line":89,"column":2}},"21":{"start":{"line":63,"column":6},"end":{"line":63,"column":34}},"22":{"start":{"line":66,"column":6},"end":{"line":66,"column":24}},"23":{"start":{"line":70,"column":4},"end":{"line":87,"column":8}},"24":{"start":{"line":73,"column":8},"end":{"line":73,"column":36}},"25":{"start":{"line":74,"column":8},"end":{"line":74,"column":27}},"26":{"start":{"line":78,"column":8},"end":{"line":78,"column":36}},"27":{"start":{"line":79,"column":8},"end":{"line":79,"column":27}},"28":{"start":{"line":83,"column":20},"end":{"line":83,"column":52}},"29":{"start":{"line":85,"column":10},"end":{"line":85,"column":45}},"30":{"start":{"line":91,"column":40},"end":{"line":91,"column":57}}},"fnMap":{"0":{"name":"(anonymous_0)","decl":{"start":{"line":11,"column":2},"end":{"line":11,"column":3}},"loc":{"start":{"line":11,"column":46},"end":{"line":31,"column":3}},"line":11},"1":{"name":"(anonymous_1)","decl":{"start":{"line":35,"column":2},"end":{"line":35,"column":3}},"loc":{"start":{"line":35,"column":63},"end":{"line":55,"column":3}},"line":35},"2":{"name":"(anonymous_2)","decl":{"start":{"line":62,"column":18},"end":{"line":62,"column":19}},"loc":{"start":{"line":62,"column":37},"end":{"line":64,"column":5}},"line":62},"3":{"name":"(anonymous_3)","decl":{"start":{"line":65,"column":12},"end":{"line":65,"column":13}},"loc":{"start":{"line":65,"column":23},"end":{"line":67,"column":5}},"line":65},"4":{"name":"(anonymous_4)","decl":{"start":{"line":69,"column":17},"end":{"line":69,"column":18}},"loc":{"start":{"line":69,"column":30},"end":{"line":88,"column":3}},"line":69},"5":{"name":"(anonymous_5)","decl":{"start":{"line":71,"column":32},"end":{"line":71,"column":33}},"loc":{"start":{"line":71,"column":51},"end":{"line":75,"column":7}},"line":71},"6":{"name":"(anonymous_6)","decl":{"start":{"line":76,"column":35},"end":{"line":76,"column":36}},"loc":{"start":{"line":76,"column":54},"end":{"line":80,"column":7}},"line":76},"7":{"name":"(anonymous_7)","decl":{"start":{"line":83,"column":8},"end":{"line":83,"column":9}},"loc":{"start":{"line":83,"column":20},"end":{"line":83,"column":52}},"line":83},"8":{"name":"(anonymous_8)","decl":{"start":{"line":84,"column":8},"end":{"line":84,"column":9}},"loc":{"start":{"line":84,"column":27},"end":{"line":86,"column":9}},"line":84}},"branchMap":{"0":{"loc":{"start":{"line":22,"column":6},"end":{"line":25,"column":7}},"type":"if","locations":[{"start":{"line":22,"column":6},"end":{"line":25,"column":7}},{"start":{},"end":{}}],"line":22},"1":{"loc":{"start":{"line":45,"column":6},"end":{"line":48,"column":7}},"type":"if","locations":[{"start":{"line":45,"column":6},"end":{"line":48,"column":7}},{"start":{},"end":{}}],"line":45}},"s":{"0":2,"1":2,"2":0,"3":0,"4":0,"5":0,"6":0,"7":0,"8":0,"9":0,"10":2,"11":1,"12":1,"13":0,"14":0,"15":0,"16":0,"17":0,"18":0,"19":1,"20":2,"21":0,"22":0,"23":2,"24":0,"25":0,"26":0,"27":0,"28":8,"29":1,"30":2},"f":{"0":0,"1":1,"2":0,"3":0,"4":2,"5":0,"6":0,"7":8,"8":1},"b":{"0":[0,0],"1":[0,0]},"_coverageSchema":"1a1c01bbd47fc00a2c39e90264f33305004495a9","hash":"28474b61dcbb9637be87e0c4b9da03d8271eb58d"}
,"C:\\Telerik\\smdashboard\\src\\redux\\slices\\sideBarStockSlice.js": {"path":"C:\\Telerik\\smdashboard\\src\\redux\\slices\\sideBarStockSlice.js","statementMap":{"0":{"start":{"line":3,"column":21},"end":{"line":8,"column":1}},"1":{"start":{"line":9,"column":29},"end":{"line":27,"column":2}},"2":{"start":{"line":10,"column":2},"end":{"line":26,"column":3}},"3":{"start":{"line":11,"column":21},"end":{"line":17,"column":5}},"4":{"start":{"line":18,"column":4},"end":{"line":21,"column":5}},"5":{"start":{"line":19,"column":24},"end":{"line":19,"column":45}},"6":{"start":{"line":20,"column":6},"end":{"line":20,"column":49}},"7":{"start":{"line":22,"column":22},"end":{"line":22,"column":43}},"8":{"start":{"line":23,"column":4},"end":{"line":23,"column":31}},"9":{"start":{"line":25,"column":4},"end":{"line":25,"column":51}},"10":{"start":{"line":29,"column":27},"end":{"line":51,"column":2}},"11":{"start":{"line":34,"column":6},"end":{"line":34,"column":25}},"12":{"start":{"line":38,"column":4},"end":{"line":49,"column":9}},"13":{"start":{"line":40,"column":8},"end":{"line":40,"column":31}},"14":{"start":{"line":43,"column":8},"end":{"line":43,"column":32}},"15":{"start":{"line":44,"column":8},"end":{"line":44,"column":37}},"16":{"start":{"line":47,"column":8},"end":{"line":47,"column":32}},"17":{"start":{"line":48,"column":8},"end":{"line":48,"column":37}},"18":{"start":{"line":53,"column":30},"end":{"line":53,"column":56}}},"fnMap":{"0":{"name":"(anonymous_0)","decl":{"start":{"line":9,"column":56},"end":{"line":9,"column":57}},"loc":{"start":{"line":9,"column":79},"end":{"line":27,"column":1}},"line":9},"1":{"name":"(anonymous_1)","decl":{"start":{"line":33,"column":4},"end":{"line":33,"column":5}},"loc":{"start":{"line":33,"column":22},"end":{"line":35,"column":5}},"line":33},"2":{"name":"(anonymous_2)","decl":{"start":{"line":37,"column":17},"end":{"line":37,"column":18}},"loc":{"start":{"line":37,"column":30},"end":{"line":50,"column":3}},"line":37},"3":{"name":"(anonymous_3)","decl":{"start":{"line":39,"column":38},"end":{"line":39,"column":39}},"loc":{"start":{"line":39,"column":49},"end":{"line":41,"column":7}},"line":39},"4":{"name":"(anonymous_4)","decl":{"start":{"line":42,"column":40},"end":{"line":42,"column":41}},"loc":{"start":{"line":42,"column":59},"end":{"line":45,"column":7}},"line":42},"5":{"name":"(anonymous_5)","decl":{"start":{"line":46,"column":39},"end":{"line":46,"column":40}},"loc":{"start":{"line":46,"column":58},"end":{"line":49,"column":7}},"line":46}},"branchMap":{"0":{"loc":{"start":{"line":18,"column":4},"end":{"line":21,"column":5}},"type":"if","locations":[{"start":{"line":18,"column":4},"end":{"line":21,"column":5}},{"start":{},"end":{}}],"line":18}},"s":{"0":2,"1":2,"2":0,"3":0,"4":0,"5":0,"6":0,"7":0,"8":0,"9":0,"10":2,"11":0,"12":2,"13":0,"14":0,"15":0,"16":0,"17":0,"18":2},"f":{"0":0,"1":0,"2":2,"3":0,"4":0,"5":0},"b":{"0":[0,0]},"_coverageSchema":"1a1c01bbd47fc00a2c39e90264f33305004495a9","hash":"228dc4dd704f80d61b4bb3d90c970e7f7378b927"}
,"C:\\Telerik\\smdashboard\\src\\redux\\slices\\stocksSlice.js": {"path":"C:\\Telerik\\smdashboard\\src\\redux\\slices\\stocksSlice.js","statementMap":{"0":{"start":{"line":4,"column":30},"end":{"line":16,"column":1}},"1":{"start":{"line":7,"column":4},"end":{"line":14,"column":5}},"2":{"start":{"line":8,"column":23},"end":{"line":10,"column":7}},"3":{"start":{"line":11,"column":6},"end":{"line":11,"column":27}},"4":{"start":{"line":13,"column":6},"end":{"line":13,"column":59}},"5":{"start":{"line":18,"column":23},"end":{"line":40,"column":2}},"6":{"start":{"line":27,"column":4},"end":{"line":38,"column":9}},"7":{"start":{"line":29,"column":8},"end":{"line":29,"column":29}},"8":{"start":{"line":32,"column":8},"end":{"line":32,"column":30}},"9":{"start":{"line":33,"column":8},"end":{"line":33,"column":53}},"10":{"start":{"line":36,"column":8},"end":{"line":36,"column":30}},"11":{"start":{"line":37,"column":8},"end":{"line":37,"column":37}}},"fnMap":{"0":{"name":"(anonymous_0)","decl":{"start":{"line":6,"column":2},"end":{"line":6,"column":3}},"loc":{"start":{"line":6,"column":30},"end":{"line":15,"column":3}},"line":6},"1":{"name":"(anonymous_1)","decl":{"start":{"line":26,"column":17},"end":{"line":26,"column":18}},"loc":{"start":{"line":26,"column":30},"end":{"line":39,"column":3}},"line":26},"2":{"name":"(anonymous_2)","decl":{"start":{"line":28,"column":39},"end":{"line":28,"column":40}},"loc":{"start":{"line":28,"column":50},"end":{"line":30,"column":7}},"line":28},"3":{"name":"(anonymous_3)","decl":{"start":{"line":31,"column":41},"end":{"line":31,"column":42}},"loc":{"start":{"line":31,"column":60},"end":{"line":34,"column":7}},"line":31},"4":{"name":"(anonymous_4)","decl":{"start":{"line":35,"column":40},"end":{"line":35,"column":41}},"loc":{"start":{"line":35,"column":59},"end":{"line":38,"column":7}},"line":35}},"branchMap":{},"s":{"0":2,"1":0,"2":0,"3":0,"4":0,"5":2,"6":2,"7":0,"8":0,"9":0,"10":0,"11":0},"f":{"0":0,"1":2,"2":0,"3":0,"4":0},"b":{},"_coverageSchema":"1a1c01bbd47fc00a2c39e90264f33305004495a9","hash":"188d2721955ba4e4943bafaff7a8713d9baf7c45"}
,"C:\\Telerik\\smdashboard\\src\\redux\\slices\\themeSlice.js": {"path":"C:\\Telerik\\smdashboard\\src\\redux\\slices\\themeSlice.js","statementMap":{"0":{"start":{"line":3,"column":21},"end":{"line":5,"column":1}},"1":{"start":{"line":7,"column":26},"end":{"line":15,"column":2}},"2":{"start":{"line":12,"column":6},"end":{"line":12,"column":40}},"3":{"start":{"line":17,"column":31},"end":{"line":17,"column":49}}},"fnMap":{"0":{"name":"(anonymous_0)","decl":{"start":{"line":11,"column":17},"end":{"line":11,"column":18}},"loc":{"start":{"line":11,"column":36},"end":{"line":13,"column":5}},"line":11}},"branchMap":{},"s":{"0":2,"1":2,"2":0,"3":2},"f":{"0":0},"b":{},"_coverageSchema":"1a1c01bbd47fc00a2c39e90264f33305004495a9","hash":"ae58517aaf0ae52b0b7e2443dcf4edf60c3d0090"}
}
