TN:
SF:src\components\Register\Register.jsx
FN:8,(anonymous_0)
FN:14,(anonymous_1)
FN:33,(anonymous_2)
FN:35,(anonymous_3)
FN:40,(anonymous_4)
FNF:5
FNH:3
FNDA:6,(anonymous_0)
FNDA:2,(anonymous_1)
FNDA:1,(anonymous_2)
FNDA:0,(anonymous_3)
FNDA:0,(anonymous_4)
DA:8,1
DA:9,6
DA:10,6
DA:11,6
DA:13,6
DA:14,6
DA:15,2
DA:16,2
DA:17,2
DA:18,2
DA:19,2
DA:20,2
DA:23,2
DA:25,1
DA:26,1
DA:29,1
DA:32,1
DA:34,1
DA:35,1
DA:36,0
DA:37,0
DA:41,0
DA:45,6
LF:23
LH:20
BRDA:23,0,0,1
BRDA:23,0,1,1
BRDA:53,1,0,6
BRDA:53,1,1,1
BRDA:54,2,0,6
BRDA:54,2,1,2
BRF:6
BRH:6
end_of_record
TN:
SF:src\components\Sidebar\Sidebar.jsx
FN:6,Sidebar
FN:7,(anonymous_1)
FNF:2
FNH:2
FNDA:1,Sidebar
FNDA:2,(anonymous_1)
DA:7,2
DA:8,1
LF:2
LH:2
BRDA:11,0,0,0
BRDA:11,0,1,1
BRF:2
BRH:1
end_of_record
TN:
SF:src\redux\store.js
FNF:0
FNH:0
DA:7,2
LF:1
LH:1
BRF:0
BRH:0
end_of_record
TN:
SF:src\redux\slices\AuthSlice.js
FN:11,(anonymous_0)
FN:35,(anonymous_1)
FN:62,(anonymous_2)
FN:65,(anonymous_3)
FN:69,(anonymous_4)
FN:71,(anonymous_5)
FN:76,(anonymous_6)
FN:83,(anonymous_7)
FN:84,(anonymous_8)
FNF:9
FNH:4
FNDA:0,(anonymous_0)
FNDA:1,(anonymous_1)
FNDA:0,(anonymous_2)
FNDA:0,(anonymous_3)
FNDA:2,(anonymous_4)
FNDA:0,(anonymous_5)
FNDA:0,(anonymous_6)
FNDA:8,(anonymous_7)
FNDA:1,(anonymous_8)
DA:4,2
DA:9,2
DA:12,0
DA:13,0
DA:22,0
DA:23,0
DA:24,0
DA:26,0
DA:27,0
DA:29,0
DA:33,2
DA:36,1
DA:37,1
DA:45,0
DA:46,0
DA:47,0
DA:49,0
DA:50,0
DA:51,0
DA:53,1
DA:58,2
DA:63,0
DA:66,0
DA:70,2
DA:73,0
DA:74,0
DA:78,0
DA:79,0
DA:83,8
DA:85,1
DA:91,2
LF:31
LH:11
BRDA:22,0,0,0
BRDA:22,0,1,0
BRDA:45,1,0,0
BRDA:45,1,1,0
BRF:4
BRH:0
end_of_record
TN:
SF:src\redux\slices\sideBarStockSlice.js
FN:9,(anonymous_0)
FN:33,(anonymous_1)
FN:37,(anonymous_2)
FN:39,(anonymous_3)
FN:42,(anonymous_4)
FN:46,(anonymous_5)
FNF:6
FNH:1
FNDA:0,(anonymous_0)
FNDA:0,(anonymous_1)
FNDA:2,(anonymous_2)
FNDA:0,(anonymous_3)
FNDA:0,(anonymous_4)
FNDA:0,(anonymous_5)
DA:3,2
DA:9,2
DA:10,0
DA:11,0
DA:18,0
DA:19,0
DA:20,0
DA:22,0
DA:23,0
DA:25,0
DA:29,2
DA:34,0
DA:38,2
DA:40,0
DA:43,0
DA:44,0
DA:47,0
DA:48,0
DA:53,2
LF:19
LH:5
BRDA:18,0,0,0
BRDA:18,0,1,0
BRF:2
BRH:0
end_of_record
TN:
SF:src\redux\slices\stocksSlice.js
FN:6,(anonymous_0)
FN:26,(anonymous_1)
FN:28,(anonymous_2)
FN:31,(anonymous_3)
FN:35,(anonymous_4)
FNF:5
FNH:1
FNDA:0,(anonymous_0)
FNDA:2,(anonymous_1)
FNDA:0,(anonymous_2)
FNDA:0,(anonymous_3)
FNDA:0,(anonymous_4)
DA:4,2
DA:7,0
DA:8,0
DA:11,0
DA:13,0
DA:18,2
DA:27,2
DA:29,0
DA:32,0
DA:33,0
DA:36,0
DA:37,0
LF:12
LH:3
BRF:0
BRH:0
end_of_record
TN:
SF:src\redux\slices\themeSlice.js
FN:11,(anonymous_0)
FNF:1
FNH:0
FNDA:0,(anonymous_0)
DA:3,2
DA:7,2
DA:12,0
DA:17,2
LF:4
LH:3
BRF:0
BRH:0
end_of_record
